<?xml version="1.0" encoding="UTF-8"?>
<!-- Generated by org.testng.reporters.JUnitXMLReporter -->
<testsuite hostname="Snehal" ignored="0" name="Default test" tests="3" failures="0" timestamp="02 Sep 2019 19:23:20 GMT" time="2.06" errors="0">
  <testcase name="test" time="0.06" classname="testcases.amazon.AmzaonFiltersUsingDataDriven"/>
  <testcase name="test1" time="0.013" classname="testcases.amazon.AmzaonFiltersUsingDataDriven"/>
  <testcase name="test2" time="1.106" classname="testcases.amazon.AmzaonFiltersUsingDataDriven"/>
</testsuite> <!-- Default test -->
