<?xml version="1.0" encoding="UTF-8"?>
<!-- Generated by org.testng.reporters.JUnitXMLReporter -->
<testsuite hostname="Snehal" ignored="0" name="Default test" tests="4" failures="0" timestamp="31 Jul 2019 14:34:04 GMT" time="110.372" errors="0">
  <testcase name="login" time="54.063" classname="testcases.WalletHubTest"/>
  <testcase name="hoverOverStars_Verify" time="1.998" classname="testcases.WalletHubTest"/>
  <testcase name="writeReviewAndSubmit" time="14.933" classname="testcases.WalletHubTest"/>
  <testcase name="gotoProfileAndVerifyReview" time="14.018" classname="testcases.WalletHubTest"/>
</testsuite> <!-- Default test -->
