<?xml version="1.0" encoding="UTF-8"?>
<!-- Generated by org.testng.reporters.JUnitXMLReporter -->
<testsuite hostname="Snehal" ignored="0" name="Production Main Portal" tests="8" failures="0" timestamp="10 Jul 2019 11:41:34 GMT" time="0.466" errors="0">
  <testcase name="A" time="0.073" classname="testcases.TestA"/>
  <testcase name="B" time="0.006" classname="testcases.TestA"/>
  <testcase name="C" time="0.007" classname="testcases.TestA"/>
  <testcase name="D" time="0.005" classname="testcases.TestA"/>
  <testcase name="A1" time="0.004" classname="testcases.TestA2"/>
  <testcase name="B1" time="0.008" classname="testcases.TestA2"/>
  <testcase name="C1" time="0.006" classname="testcases.TestA2"/>
  <testcase name="D1" time="0.013" classname="testcases.TestA2"/>
</testsuite> <!-- Production Main Portal -->
