<?xml version="1.0" encoding="UTF-8"?>
<testng-results skipped="0" failed="0" ignored="0" total="4" passed="4">
  <reporter-output>
  </reporter-output>
  <suite name="Default suite" duration-ms="110372" started-at="2019-07-31T14:32:13Z" finished-at="2019-07-31T14:34:04Z">
    <groups>
    </groups>
    <test name="Default test" duration-ms="110372" started-at="2019-07-31T14:32:13Z" finished-at="2019-07-31T14:34:04Z">
      <class name="testcases.WalletHubTest">
        <test-method status="PASS" signature="configuration()[pri:0, instance:testcases.WalletHubTest@4501b7af]" name="configuration" is-config="true" duration-ms="14123" started-at="2019-07-31T20:02:13Z" finished-at="2019-07-31T20:02:27Z">
          <reporter-output>
          </reporter-output>
        </test-method> <!-- configuration -->
        <test-method status="PASS" signature="testbefore(java.lang.reflect.Method)[pri:0, instance:testcases.WalletHubTest@4501b7af]" name="testbefore" is-config="true" duration-ms="3" started-at="2019-07-31T20:02:27Z" finished-at="2019-07-31T20:02:27Z">
          <params>
            <param index="0">
              <value>
                <![CDATA[public void testcases.WalletHubTest.login() throws java.io.FileNotFoundException]]>
              </value>
            </param>
          </params>
          <reporter-output>
          </reporter-output>
        </test-method> <!-- testbefore -->
        <test-method status="PASS" signature="login()[pri:0, instance:testcases.WalletHubTest@4501b7af]" name="login" duration-ms="54063" started-at="2019-07-31T20:02:27Z" finished-at="2019-07-31T20:03:21Z">
          <reporter-output>
          </reporter-output>
        </test-method> <!-- login -->
        <test-method status="PASS" signature="ScreenShot(org.testng.ITestResult)[pri:0, instance:testcases.WalletHubTest@4501b7af]" name="ScreenShot" is-config="true" duration-ms="0" started-at="2019-07-31T20:03:21Z" finished-at="2019-07-31T20:03:21Z">
          <params>
            <param index="0">
              <value>
                <![CDATA[[TestResult name=login status=SUCCESS method=WalletHubTest.login()[pri:0, instance:testcases.WalletHubTest@4501b7af] output={null}]]]>
              </value>
            </param>
          </params>
          <reporter-output>
          </reporter-output>
        </test-method> <!-- ScreenShot -->
        <test-method status="PASS" signature="testbefore(java.lang.reflect.Method)[pri:0, instance:testcases.WalletHubTest@4501b7af]" name="testbefore" is-config="true" duration-ms="1" started-at="2019-07-31T20:03:21Z" finished-at="2019-07-31T20:03:21Z">
          <params>
            <param index="0">
              <value>
                <![CDATA[public void testcases.WalletHubTest.hoverOverStars_Verify() throws java.io.FileNotFoundException]]>
              </value>
            </param>
          </params>
          <reporter-output>
          </reporter-output>
        </test-method> <!-- testbefore -->
        <test-method status="PASS" signature="hoverOverStars_Verify()[pri:1, instance:testcases.WalletHubTest@4501b7af]" name="hoverOverStars_Verify" duration-ms="1998" started-at="2019-07-31T20:03:21Z" finished-at="2019-07-31T20:03:23Z">
          <reporter-output>
          </reporter-output>
        </test-method> <!-- hoverOverStars_Verify -->
        <test-method status="PASS" signature="ScreenShot(org.testng.ITestResult)[pri:0, instance:testcases.WalletHubTest@4501b7af]" name="ScreenShot" is-config="true" duration-ms="0" started-at="2019-07-31T20:03:23Z" finished-at="2019-07-31T20:03:23Z">
          <params>
            <param index="0">
              <value>
                <![CDATA[[TestResult name=hoverOverStars_Verify status=SUCCESS method=WalletHubTest.hoverOverStars_Verify()[pri:1, instance:testcases.WalletHubTest@4501b7af] output={null}]]]>
              </value>
            </param>
          </params>
          <reporter-output>
          </reporter-output>
        </test-method> <!-- ScreenShot -->
        <test-method status="PASS" signature="testbefore(java.lang.reflect.Method)[pri:0, instance:testcases.WalletHubTest@4501b7af]" name="testbefore" is-config="true" duration-ms="1" started-at="2019-07-31T20:03:23Z" finished-at="2019-07-31T20:03:23Z">
          <params>
            <param index="0">
              <value>
                <![CDATA[public void testcases.WalletHubTest.writeReviewAndSubmit() throws java.io.FileNotFoundException]]>
              </value>
            </param>
          </params>
          <reporter-output>
          </reporter-output>
        </test-method> <!-- testbefore -->
        <test-method status="PASS" signature="writeReviewAndSubmit()[pri:2, instance:testcases.WalletHubTest@4501b7af]" name="writeReviewAndSubmit" duration-ms="14933" started-at="2019-07-31T20:03:23Z" finished-at="2019-07-31T20:03:38Z">
          <reporter-output>
          </reporter-output>
        </test-method> <!-- writeReviewAndSubmit -->
        <test-method status="PASS" signature="ScreenShot(org.testng.ITestResult)[pri:0, instance:testcases.WalletHubTest@4501b7af]" name="ScreenShot" is-config="true" duration-ms="0" started-at="2019-07-31T20:03:38Z" finished-at="2019-07-31T20:03:38Z">
          <params>
            <param index="0">
              <value>
                <![CDATA[[TestResult name=writeReviewAndSubmit status=SUCCESS method=WalletHubTest.writeReviewAndSubmit()[pri:2, instance:testcases.WalletHubTest@4501b7af] output={null}]]]>
              </value>
            </param>
          </params>
          <reporter-output>
          </reporter-output>
        </test-method> <!-- ScreenShot -->
        <test-method status="PASS" signature="testbefore(java.lang.reflect.Method)[pri:0, instance:testcases.WalletHubTest@4501b7af]" name="testbefore" is-config="true" duration-ms="0" started-at="2019-07-31T20:03:38Z" finished-at="2019-07-31T20:03:38Z">
          <params>
            <param index="0">
              <value>
                <![CDATA[public void testcases.WalletHubTest.gotoProfileAndVerifyReview() throws java.io.FileNotFoundException]]>
              </value>
            </param>
          </params>
          <reporter-output>
          </reporter-output>
        </test-method> <!-- testbefore -->
        <test-method status="PASS" signature="gotoProfileAndVerifyReview()[pri:3, instance:testcases.WalletHubTest@4501b7af]" name="gotoProfileAndVerifyReview" duration-ms="14018" started-at="2019-07-31T20:03:38Z" finished-at="2019-07-31T20:03:52Z">
          <reporter-output>
          </reporter-output>
        </test-method> <!-- gotoProfileAndVerifyReview -->
        <test-method status="PASS" signature="ScreenShot(org.testng.ITestResult)[pri:0, instance:testcases.WalletHubTest@4501b7af]" name="ScreenShot" is-config="true" duration-ms="1" started-at="2019-07-31T20:03:52Z" finished-at="2019-07-31T20:03:52Z">
          <params>
            <param index="0">
              <value>
                <![CDATA[[TestResult name=gotoProfileAndVerifyReview status=SUCCESS method=WalletHubTest.gotoProfileAndVerifyReview()[pri:3, instance:testcases.WalletHubTest@4501b7af] output={null}]]]>
              </value>
            </param>
          </params>
          <reporter-output>
          </reporter-output>
        </test-method> <!-- ScreenShot -->
        <test-method status="PASS" signature="driverClean()[pri:0, instance:testcases.WalletHubTest@4501b7af]" name="driverClean" is-config="true" duration-ms="11135" started-at="2019-07-31T20:03:52Z" finished-at="2019-07-31T20:04:04Z">
          <reporter-output>
          </reporter-output>
        </test-method> <!-- driverClean -->
      </class> <!-- testcases.WalletHubTest -->
    </test> <!-- Default test -->
  </suite> <!-- Default suite -->
</testng-results>
