<?xml version="1.0" encoding="UTF-8"?>
<testng-results skipped="0" failed="0" ignored="0" total="1" passed="1">
  <reporter-output>
  </reporter-output>
  <suite name="Default suite" duration-ms="19190" started-at="2019-10-01T09:54:13Z" finished-at="2019-10-01T09:54:32Z">
    <groups>
    </groups>
    <test name="Default test" duration-ms="19190" started-at="2019-10-01T09:54:13Z" finished-at="2019-10-01T09:54:32Z">
      <class name="testcases.maps.testCase">
        <test-method status="PASS" signature="configuration()[pri:0, instance:testcases.maps.testCase@1bce4f0a]" name="configuration" is-config="true" duration-ms="191" started-at="2019-10-01T15:24:13Z" finished-at="2019-10-01T15:24:13Z">
          <reporter-output>
          </reporter-output>
        </test-method> <!-- configuration -->
        <test-method status="PASS" signature="testbefore(java.lang.reflect.Method)[pri:0, instance:testcases.maps.testCase@1bce4f0a]" name="testbefore" is-config="true" duration-ms="4" started-at="2019-10-01T15:24:13Z" finished-at="2019-10-01T15:24:13Z">
          <params>
            <param index="0">
              <value>
                <![CDATA[public void testcases.maps.testCase.mapTest() throws java.lang.Exception]]>
              </value>
            </param>
          </params>
          <reporter-output>
          </reporter-output>
        </test-method> <!-- testbefore -->
        <test-method status="PASS" signature="mapTest()[pri:0, instance:testcases.maps.testCase@1bce4f0a]" name="mapTest" duration-ms="7646" started-at="2019-10-01T15:24:13Z" finished-at="2019-10-01T15:24:21Z">
          <reporter-output>
          </reporter-output>
        </test-method> <!-- mapTest -->
        <test-method status="PASS" signature="ScreenShot(org.testng.ITestResult)[pri:0, instance:testcases.maps.testCase@1bce4f0a]" name="ScreenShot" is-config="true" duration-ms="0" started-at="2019-10-01T15:24:21Z" finished-at="2019-10-01T15:24:21Z">
          <params>
            <param index="0">
              <value>
                <![CDATA[[TestResult name=mapTest status=SUCCESS method=testCase.mapTest()[pri:0, instance:testcases.maps.testCase@1bce4f0a] output={null}]]]>
              </value>
            </param>
          </params>
          <reporter-output>
          </reporter-output>
        </test-method> <!-- ScreenShot -->
        <test-method status="PASS" signature="driverClean()[pri:0, instance:testcases.maps.testCase@1bce4f0a]" name="driverClean" is-config="true" duration-ms="11327" started-at="2019-10-01T15:24:21Z" finished-at="2019-10-01T15:24:32Z">
          <reporter-output>
          </reporter-output>
        </test-method> <!-- driverClean -->
      </class> <!-- testcases.maps.testCase -->
    </test> <!-- Default test -->
  </suite> <!-- Default suite -->
</testng-results>
